<?xml version="1.0" encoding="UTF-8"?>
<!-- Generated by org.testng.reporters.JUnitReportReporter -->
<testsuite ignored="0" hostname="Lokesh-Gupta1" failures="0" tests="6" name="com.meta.javaBasic.Assignment6" time="11.518" errors="0" timestamp="11 Sep 2018 08:26:08 GMT" skipped="0">
  <testcase classname="com.meta.javaBasic.Assignment6" name="palindrome_test" time="2.268"/>
  <testcase classname="com.meta.javaBasic.Assignment6" name="equaltest" time="0.002"/>
  <testcase classname="com.meta.javaBasic.Assignment6" name="contactus" time="1.955"/>
  <testcase classname="com.meta.javaBasic.Assignment6" name="logo" time="3.662"/>
  <testcase classname="com.meta.javaBasic.Assignment6" name="greater_test" time="0.002"/>
  <testcase classname="com.meta.javaBasic.Assignment6" name="searchitem" time="3.629"/>
</testsuite> <!-- com.meta.javaBasic.Assignment6 -->
