<?xml version="1.0" encoding="UTF-8"?>
<!-- Generated by org.testng.reporters.JUnitReportReporter -->
<testsuite ignored="0" hostname="Lokesh-Gupta1" failures="0" tests="1" name="com.meta.javaBasic.IeBrowser" time="2.596" errors="0" timestamp="03 Jul 2018 10:12:11 GMT" skipped="0">
  <testcase classname="com.meta.javaBasic.IeBrowser" name="main" time="2.596"/>
</testsuite> <!-- com.meta.javaBasic.IeBrowser -->
