<?xml version="1.0" encoding="UTF-8"?>
<!-- Generated by org.testng.reporters.JUnitReportReporter -->
<testsuite ignored="0" hostname="Lokesh-Gupta1" failures="0" tests="1" name="com.meta.javaBasic.Assignment4" time="17.369" errors="0" timestamp="11 Sep 2018 08:25:05 GMT" skipped="0">
  <testcase classname="com.meta.javaBasic.Assignment4" name="main" time="17.369"/>
</testsuite> <!-- com.meta.javaBasic.Assignment4 -->
